skip with error
skip with error
skip with error
skip with error
skip with error
skip with error
skip with error
skip with error
skip with error
skip with error
skip with error
skip with error
skip with error
skip with error
skip with error
skip with error
skip with error
skip with error
skip with error
skip with error
skip with error
skip with error
skip with error
skip with error
skip with error
skip with error
skip with error
skip with error
skip with error
skip with error
./wav/mono/00004.wav
./wav/mono/00005.wav
./wav/mono/clip_0051.wav
Waiting for operation to complete...
./wav/mono/clip_0055.wav
./wav/mono/clip_0076.wav
./wav/mono/clip_0077.wav
./wav/mono/clip_0096.wav
./wav/mono/t2_0001.wav
./wav/mono/t2_0002.wav
./wav/mono/t2_0003.wav
./wav/mono/00004.wav
./wav/mono/00005.wav
./wav/mono/clip_0051.wav
./wav/mono/clip_0055.wav
Waiting for operation to complete...
./wav/mono/clip_0076.wav
./wav/mono/clip_0077.wav
./wav/mono/clip_0096.wav
./wav/mono/t2_0001.wav
./wav/mono/t2_0002.wav
./wav/mono/t2_0003.wav
./wav/mono/00004.wav
./wav/mono/00005.wav
Waiting for operation to complete...
./wav/mono/clip_0051.wav
./wav/mono/clip_0055.wav
./wav/mono/clip_0076.wav
./wav/mono/clip_0077.wav
./wav/mono/clip_0096.wav
./wav/mono/t2_0001.wav
./wav/mono/t2_0002.wav
Waiting for operation to complete...
./wav/mono/t2_0003.wav
./wav/mono/00004.wav
./wav/mono/00005.wav
./wav/mono/clip_0051.wav
./wav/mono/clip_0055.wav
./wav/mono/clip_0076.wav
Waiting for operation to complete...
./wav/mono/clip_0077.wav
./wav/mono/clip_0096.wav
./wav/mono/t2_0001.wav
./wav/mono/t2_0002.wav
./wav/mono/t2_0003.wav
Waiting for operation to complete...
./wav/mono/00004.wav
./wav/mono/00005.wav
./wav/mono/clip_0051.wav
./wav/mono/clip_0055.wav
./wav/mono/clip_0076.wav
./wav/mono/clip_0077.wav
Waiting for operation to complete...
./wav/mono/clip_0096.wav
./wav/mono/t2_0001.wav
./wav/mono/t2_0002.wav
./wav/mono/t2_0003.wav
./wav/mono/00004.wav
./wav/mono/00005.wav
./wav/mono/clip_0051.wav
./wav/mono/clip_0055.wav
./wav/mono/clip_0076.wav
./wav/mono/clip_0077.wav
./wav/mono/clip_0096.wav
./wav/mono/t2_0001.wav
Waiting for operation to complete...
./wav/mono/t2_0002.wav
./wav/mono/t2_0003.wav
./wav/mono/00004.wav
./wav/mono/00005.wav
./wav/mono/clip_0051.wav
./wav/mono/clip_0055.wav
./wav/mono/clip_0076.wav
./wav/mono/clip_0077.wav
./wav/mono/clip_0096.wav
Waiting for operation to complete...
./wav/mono/t2_0001.wav
./wav/mono/t2_0002.wav
./wav/mono/t2_0003.wav
Waiting for operation to complete...
Waiting for operation to complete...
Waiting for operation to complete...
Waiting for operation to complete...
Waiting for operation to complete...
Waiting for operation to complete...
Waiting for operation to complete...
Waiting for operation to complete...
Waiting for operation to complete...
Waiting for operation to complete...
Waiting for operation to complete...
Waiting for operation to complete...
Waiting for operation to complete...
Waiting for operation to complete...
Waiting for operation to complete...
Waiting for operation to complete...
Waiting for operation to complete...
Waiting for operation to complete...
Waiting for operation to complete...
Waiting for operation to complete...
Waiting for operation to complete...
Waiting for operation to complete...
Waiting for operation to complete...
Waiting for operation to complete...
Waiting for operation to complete...
Waiting for operation to complete...
Waiting for operation to complete...
Waiting for operation to complete...
Waiting for operation to complete...
Waiting for operation to complete...
Waiting for operation to complete...
Waiting for operation to complete...
Waiting for operation to complete...
Waiting for operation to complete...
Waiting for operation to complete...
Waiting for operation to complete...
Waiting for operation to complete...
Waiting for operation to complete...
Waiting for operation to complete...
Waiting for operation to complete...
Waiting for operation to complete...
Waiting for operation to complete...
Waiting for operation to complete...
Waiting for operation to complete...
Waiting for operation to complete...
Waiting for operation to complete...
Waiting for operation to complete...
Waiting for operation to complete...
Waiting for operation to complete...
Waiting for operation to complete...
Waiting for operation to complete...
Waiting for operation to complete...
Waiting for operation to complete...
Waiting for operation to complete...
Waiting for operation to complete...
Waiting for operation to complete...
Waiting for operation to complete...
Waiting for operation to complete...
Waiting for operation to complete...
Waiting for operation to complete...
Waiting for operation to complete...
Waiting for operation to complete...
Waiting for operation to complete...
Waiting for operation to complete...
Waiting for operation to complete...
Waiting for operation to complete...
Waiting for operation to complete...
Waiting for operation to complete...
Waiting for operation to complete...
Waiting for operation to complete...
Waiting for operation to complete...
Waiting for operation to complete...
Waiting for operation to complete...
Waiting for operation to complete...
Waiting for operation to complete...
Waiting for operation to complete...
Waiting for operation to complete...
Waiting for operation to complete...
Waiting for operation to complete...
Waiting for operation to complete...
Waiting for operation to complete...
Waiting for operation to complete...
Waiting for operation to complete...
Waiting for operation to complete...
Waiting for operation to complete...
Waiting for operation to complete...
Waiting for operation to complete...
Waiting for operation to complete...
Waiting for operation to complete...
Waiting for operation to complete...
Waiting for operation to complete...
Waiting for operation to complete...
Waiting for operation to complete...
Waiting for operation to complete...
Waiting for operation to complete...
Waiting for operation to complete...
Waiting for operation to complete...
Waiting for operation to complete...
Waiting for operation to complete...
Waiting for operation to complete...
Waiting for operation to complete...
Waiting for operation to complete...
Waiting for operation to complete...
Waiting for operation to complete...
Waiting for operation to complete...
Waiting for operation to complete...
Waiting for operation to complete...
Waiting for operation to complete...
Waiting for operation to complete...
Waiting for operation to complete...
Waiting for operation to complete...
Waiting for operation to complete...
Waiting for operation to complete...
Waiting for operation to complete...
Waiting for operation to complete...
Waiting for operation to complete...
Waiting for operation to complete...
Waiting for operation to complete...
Waiting for operation to complete...
Waiting for operation to complete...
Waiting for operation to complete...
Waiting for operation to complete...
Waiting for operation to complete...
Waiting for operation to complete...
Waiting for operation to complete...
Waiting for operation to complete...
Waiting for operation to complete...
Waiting for operation to complete...
Waiting for operation to complete...
Waiting for operation to complete...
Waiting for operation to complete...
Waiting for operation to complete...
